# JRE version: Java(TM) SE Runtime Environment (8.0_144-b01) (build 1.8.0_144-b01)
# Java VM: Java HotSpot(TM) 64-Bit Server VM (25.144-b01 mixed mode windows-amd64 compressed oops)
Heap:
 par new generation   total 306688K, used 245310K [0x00000000c0000000, 0x00000000d4cc0000, 0x00000000d4cc0000)
  eden space 272640K,  83% used [0x00000000c0000000, 0x00000000cde954d0, 0x00000000d0a40000)
  from space 34048K,  51% used [0x00000000d0a40000, 0x00000000d1b3a3f8, 0x00000000d2b80000)
  to   space 34048K,   0% used [0x00000000d2b80000, 0x00000000d2b80000, 0x00000000d4cc0000)
 concurrent mark-sweep generation total 707840K, used 89678K [0x00000000d4cc0000, 0x0000000100000000, 0x0000000100000000)
 Metaspace       used 47364K, capacity 47850K, committed 48212K, reserved 1091584K
  class space    used 5600K, capacity 5700K, committed 5724K, reserved 1048576K
GC Heap History (10 events):
Event: 20.465 GC heap before
{Heap before GC invocations=8 (full 5):
 par new generation   total 306688K, used 272640K [0x00000000c0000000, 0x00000000d4cc0000, 0x00000000d4cc0000)
  eden space 272640K, 100% used [0x00000000c0000000, 0x00000000d0a40000, 0x00000000d0a40000)
  from space 34048K,   0% used [0x00000000d2b80000, 0x00000000d2b80000, 0x00000000d4cc0000)
  to   space 34048K,   0% used [0x00000000d0a40000, 0x00000000d0a40000, 0x00000000d2b80000)
 concurrent mark-sweep generation total 707840K, used 93179K [0x00000000d4cc0000, 0x0000000100000000, 0x0000000100000000)
 Metaspace       used 45490K, capacity 45962K, committed 46420K, reserved 1089536K
  class space    used 5552K, capacity 5668K, committed 5724K, reserved 1048576K
Event: 20.478 GC heap after
Heap after GC invocations=9 (full 5):
 par new generation   total 306688K, used 18506K [0x00000000c0000000, 0x00000000d4cc0000, 0x00000000d4cc0000)
  eden space 272640K,   0% used [0x00000000c0000000, 0x00000000c0000000, 0x00000000d0a40000)
  from space 34048K,  54% used [0x00000000d0a40000, 0x00000000d1c52aa8, 0x00000000d2b80000)
  to   space 34048K,   0% used [0x00000000d2b80000, 0x00000000d2b80000, 0x00000000d4cc0000)
 concurrent mark-sweep generation total 707840K, used 93179K [0x00000000d4cc0000, 0x0000000100000000, 0x0000000100000000)
 Metaspace       used 45490K, capacity 45962K, committed 46420K, reserved 1089536K
  class space    used 5552K, capacity 5668K, committed 5724K, reserved 1048576K
}
Event: 23.876 GC heap before
{Heap before GC invocations=9 (full 6):
 par new generation   total 306688K, used 291146K [0x00000000c0000000, 0x00000000d4cc0000, 0x00000000d4cc0000)
  eden space 272640K, 100% used [0x00000000c0000000, 0x00000000d0a40000, 0x00000000d0a40000)
  from space 34048K,  54% used [0x00000000d0a40000, 0x00000000d1c52aa8, 0x00000000d2b80000)
  to   space 34048K,   0% used [0x00000000d2b80000, 0x00000000d2b80000, 0x00000000d4cc0000)
 concurrent mark-sweep generation total 707840K, used 93179K [0x00000000d4cc0000, 0x0000000100000000, 0x0000000100000000)
 Metaspace       used 46126K, capacity 46570K, committed 46932K, reserved 1091584K
  class space    used 5582K, capacity 5700K, committed 5724K, reserved 1048576K
Event: 23.885 GC heap after
Heap after GC invocations=10 (full 6):
 par new generation   total 306688K, used 14424K [0x00000000c0000000, 0x00000000d4cc0000, 0x00000000d4cc0000)
  eden space 272640K,   0% used [0x00000000c0000000, 0x00000000c0000000, 0x00000000d0a40000)
  from space 34048K,  42% used [0x00000000d2b80000, 0x00000000d39960c8, 0x00000000d4cc0000)
  to   space 34048K,   0% used [0x00000000d0a40000, 0x00000000d0a40000, 0x00000000d2b80000)
 concurrent mark-sweep generation total 707840K, used 93179K [0x00000000d4cc0000, 0x0000000100000000, 0x0000000100000000)
 Metaspace       used 46126K, capacity 46570K, committed 46932K, reserved 1091584K
  class space    used 5582K, capacity 5700K, committed 5724K, reserved 1048576K
}
Event: 27.597 GC heap before
{Heap before GC invocations=10 (full 6):
 par new generation   total 306688K, used 287064K [0x00000000c0000000, 0x00000000d4cc0000, 0x00000000d4cc0000)
  eden space 272640K, 100% used [0x00000000c0000000, 0x00000000d0a40000, 0x00000000d0a40000)
  from space 34048K,  42% used [0x00000000d2b80000, 0x00000000d39960c8, 0x00000000d4cc0000)
  to   space 34048K,   0% used [0x00000000d0a40000, 0x00000000d0a40000, 0x00000000d2b80000)
 concurrent mark-sweep generation total 707840K, used 93179K [0x00000000d4cc0000, 0x0000000100000000, 0x0000000100000000)
 Metaspace       used 46545K, capacity 47018K, committed 47444K, reserved 1091584K
  class space    used 5587K, capacity 5700K, committed 5724K, reserved 1048576K
Event: 27.608 GC heap after
Heap after GC invocations=11 (full 6):
 par new generation   total 306688K, used 16464K [0x00000000c0000000, 0x00000000d4cc0000, 0x00000000d4cc0000)
  eden space 272640K,   0% used [0x00000000c0000000, 0x00000000c0000000, 0x00000000d0a40000)
  from space 34048K,  48% used [0x00000000d0a40000, 0x00000000d1a54308, 0x00000000d2b80000)
  to   space 34048K,   0% used [0x00000000d2b80000, 0x00000000d2b80000, 0x00000000d4cc0000)
 concurrent mark-sweep generation total 707840K, used 93179K [0x00000000d4cc0000, 0x0000000100000000, 0x0000000100000000)
 Metaspace       used 46545K, capacity 47018K, committed 47444K, reserved 1091584K
  class space    used 5587K, capacity 5700K, committed 5724K, reserved 1048576K
}
Event: 31.956 GC heap before
{Heap before GC invocations=11 (full 6):
 par new generation   total 306688K, used 289104K [0x00000000c0000000, 0x00000000d4cc0000, 0x00000000d4cc0000)
  eden space 272640K, 100% used [0x00000000c0000000, 0x00000000d0a40000, 0x00000000d0a40000)
  from space 34048K,  48% used [0x00000000d0a40000, 0x00000000d1a54308, 0x00000000d2b80000)
  to   space 34048K,   0% used [0x00000000d2b80000, 0x00000000d2b80000, 0x00000000d4cc0000)
 concurrent mark-sweep generation total 707840K, used 93179K [0x00000000d4cc0000, 0x0000000100000000, 0x0000000100000000)
 Metaspace       used 47004K, capacity 47466K, committed 47956K, reserved 1091584K
  class space    used 5587K, capacity 5700K, committed 5724K, reserved 1048576K
Event: 31.969 GC heap after
Heap after GC invocations=12 (full 6):
 par new generation   total 306688K, used 18360K [0x00000000c0000000, 0x00000000d4cc0000, 0x00000000d4cc0000)
  eden space 272640K,   0% used [0x00000000c0000000, 0x00000000c0000000, 0x00000000d0a40000)
  from space 34048K,  53% used [0x00000000d2b80000, 0x00000000d3d6e0b0, 0x00000000d4cc0000)
  to   space 34048K,   0% used [0x00000000d0a40000, 0x00000000d0a40000, 0x00000000d2b80000)
 concurrent mark-sweep generation total 707840K, used 93179K [0x00000000d4cc0000, 0x0000000100000000, 0x0000000100000000)
 Metaspace       used 47004K, capacity 47466K, committed 47956K, reserved 1091584K
  class space    used 5587K, capacity 5700K, committed 5724K, reserved 1048576K
}
Event: 35.842 GC heap before
{Heap before GC invocations=12 (full 6):
 par new generation   total 306688K, used 291000K [0x00000000c0000000, 0x00000000d4cc0000, 0x00000000d4cc0000)
  eden space 272640K, 100% used [0x00000000c0000000, 0x00000000d0a40000, 0x00000000d0a40000)
  from space 34048K,  53% used [0x00000000d2b80000, 0x00000000d3d6e0b0, 0x00000000d4cc0000)
  to   space 34048K,   0% used [0x00000000d0a40000, 0x00000000d0a40000, 0x00000000d2b80000)
 concurrent mark-sweep generation total 707840K, used 89678K [0x00000000d4cc0000, 0x0000000100000000, 0x0000000100000000)
 Metaspace       used 47130K, capacity 47594K, committed 47956K, reserved 1091584K
  class space    used 5588K, capacity 5700K, committed 5724K, reserved 1048576K
Event: 35.858 GC heap after
Heap after GC invocations=13 (full 6):
 par new generation   total 306688K, used 17384K [0x00000000c0000000, 0x00000000d4cc0000, 0x00000000d4cc0000)
  eden space 272640K,   0% used [0x00000000c0000000, 0x00000000c0000000, 0x00000000d0a40000)
  from space 34048K,  51% used [0x00000000d0a40000, 0x00000000d1b3a3f8, 0x00000000d2b80000)
  to   space 34048K,   0% used [0x00000000d2b80000, 0x00000000d2b80000, 0x00000000d4cc0000)
 concurrent mark-sweep generation total 707840K, used 89678K [0x00000000d4cc0000, 0x0000000100000000, 0x0000000100000000)
 Metaspace       used 47130K, capacity 47594K, committed 47956K, reserved 1091584K
  class space    used 5588K, capacity 5700K, committed 5724K, reserved 1048576K
}

