# JRE version: Java(TM) SE Runtime Environment (8.0_144-b01) (build 1.8.0_144-b01)
# Java VM: Java HotSpot(TM) 64-Bit Server VM (25.144-b01 mixed mode windows-amd64 compressed oops)
Heap:
 par new generation   total 306688K, used 67440K [0x00000000c0000000, 0x00000000d4cc0000, 0x00000000d4cc0000)
  eden space 272640K,  16% used [0x00000000c0000000, 0x00000000c2b3a5e0, 0x00000000d0a40000)
  from space 34048K,  68% used [0x00000000d0a40000, 0x00000000d20e1c20, 0x00000000d2b80000)
  to   space 34048K,   0% used [0x00000000d2b80000, 0x00000000d2b80000, 0x00000000d4cc0000)
 concurrent mark-sweep generation total 707840K, used 88734K [0x00000000d4cc0000, 0x0000000100000000, 0x0000000100000000)
 Metaspace       used 47416K, capacity 47882K, committed 48336K, reserved 1091584K
  class space    used 5603K, capacity 5732K, committed 5852K, reserved 1048576K
GC Heap History (10 events):
Event: 48.297 GC heap before
{Heap before GC invocations=9 (full 4):
 par new generation   total 306688K, used 297158K [0x00000000c0000000, 0x00000000d4cc0000, 0x00000000d4cc0000)
  eden space 272640K, 100% used [0x00000000c0000000, 0x00000000d0a40000, 0x00000000d0a40000)
  from space 34048K,  72% used [0x00000000d2b80000, 0x00000000d4371b10, 0x00000000d4cc0000)
  to   space 34048K,   0% used [0x00000000d0a40000, 0x00000000d0a40000, 0x00000000d2b80000)
 concurrent mark-sweep generation total 707840K, used 88734K [0x00000000d4cc0000, 0x0000000100000000, 0x0000000100000000)
 Metaspace       used 46588K, capacity 47076K, committed 47440K, reserved 1091584K
  class space    used 5592K, capacity 5699K, committed 5724K, reserved 1048576K
Event: 48.310 GC heap after
Heap after GC invocations=10 (full 4):
 par new generation   total 306688K, used 16278K [0x00000000c0000000, 0x00000000d4cc0000, 0x00000000d4cc0000)
  eden space 272640K,   0% used [0x00000000c0000000, 0x00000000c0000000, 0x00000000d0a40000)
  from space 34048K,  47% used [0x00000000d0a40000, 0x00000000d1a25978, 0x00000000d2b80000)
  to   space 34048K,   0% used [0x00000000d2b80000, 0x00000000d2b80000, 0x00000000d4cc0000)
 concurrent mark-sweep generation total 707840K, used 88734K [0x00000000d4cc0000, 0x0000000100000000, 0x0000000100000000)
 Metaspace       used 46588K, capacity 47076K, committed 47440K, reserved 1091584K
  class space    used 5592K, capacity 5699K, committed 5724K, reserved 1048576K
}
Event: 52.311 GC heap before
{Heap before GC invocations=10 (full 4):
 par new generation   total 306688K, used 288918K [0x00000000c0000000, 0x00000000d4cc0000, 0x00000000d4cc0000)
  eden space 272640K, 100% used [0x00000000c0000000, 0x00000000d0a40000, 0x00000000d0a40000)
  from space 34048K,  47% used [0x00000000d0a40000, 0x00000000d1a25978, 0x00000000d2b80000)
  to   space 34048K,   0% used [0x00000000d2b80000, 0x00000000d2b80000, 0x00000000d4cc0000)
 concurrent mark-sweep generation total 707840K, used 88734K [0x00000000d4cc0000, 0x0000000100000000, 0x0000000100000000)
 Metaspace       used 46866K, capacity 47332K, committed 47696K, reserved 1091584K
  class space    used 5592K, capacity 5699K, committed 5724K, reserved 1048576K
Event: 52.326 GC heap after
Heap after GC invocations=11 (full 4):
 par new generation   total 306688K, used 17880K [0x00000000c0000000, 0x00000000d4cc0000, 0x00000000d4cc0000)
  eden space 272640K,   0% used [0x00000000c0000000, 0x00000000c0000000, 0x00000000d0a40000)
  from space 34048K,  52% used [0x00000000d2b80000, 0x00000000d3cf62f0, 0x00000000d4cc0000)
  to   space 34048K,   0% used [0x00000000d0a40000, 0x00000000d0a40000, 0x00000000d2b80000)
 concurrent mark-sweep generation total 707840K, used 88734K [0x00000000d4cc0000, 0x0000000100000000, 0x0000000100000000)
 Metaspace       used 46866K, capacity 47332K, committed 47696K, reserved 1091584K
  class space    used 5592K, capacity 5699K, committed 5724K, reserved 1048576K
}
Event: 56.527 GC heap before
{Heap before GC invocations=11 (full 4):
 par new generation   total 306688K, used 290520K [0x00000000c0000000, 0x00000000d4cc0000, 0x00000000d4cc0000)
  eden space 272640K, 100% used [0x00000000c0000000, 0x00000000d0a40000, 0x00000000d0a40000)
  from space 34048K,  52% used [0x00000000d2b80000, 0x00000000d3cf62f0, 0x00000000d4cc0000)
  to   space 34048K,   0% used [0x00000000d0a40000, 0x00000000d0a40000, 0x00000000d2b80000)
 concurrent mark-sweep generation total 707840K, used 88734K [0x00000000d4cc0000, 0x0000000100000000, 0x0000000100000000)
 Metaspace       used 47147K, capacity 47588K, committed 47952K, reserved 1091584K
  class space    used 5593K, capacity 5699K, committed 5724K, reserved 1048576K
Event: 56.546 GC heap after
Heap after GC invocations=12 (full 4):
 par new generation   total 306688K, used 21896K [0x00000000c0000000, 0x00000000d4cc0000, 0x00000000d4cc0000)
  eden space 272640K,   0% used [0x00000000c0000000, 0x00000000c0000000, 0x00000000d0a40000)
  from space 34048K,  64% used [0x00000000d0a40000, 0x00000000d1fa21d0, 0x00000000d2b80000)
  to   space 34048K,   0% used [0x00000000d2b80000, 0x00000000d2b80000, 0x00000000d4cc0000)
 concurrent mark-sweep generation total 707840K, used 88734K [0x00000000d4cc0000, 0x0000000100000000, 0x0000000100000000)
 Metaspace       used 47147K, capacity 47588K, committed 47952K, reserved 1091584K
  class space    used 5593K, capacity 5699K, committed 5724K, reserved 1048576K
}
Event: 60.624 GC heap before
{Heap before GC invocations=12 (full 4):
 par new generation   total 306688K, used 294536K [0x00000000c0000000, 0x00000000d4cc0000, 0x00000000d4cc0000)
  eden space 272640K, 100% used [0x00000000c0000000, 0x00000000d0a40000, 0x00000000d0a40000)
  from space 34048K,  64% used [0x00000000d0a40000, 0x00000000d1fa21d0, 0x00000000d2b80000)
  to   space 34048K,   0% used [0x00000000d2b80000, 0x00000000d2b80000, 0x00000000d4cc0000)
 concurrent mark-sweep generation total 707840K, used 88734K [0x00000000d4cc0000, 0x0000000100000000, 0x0000000100000000)
 Metaspace       used 47266K, capacity 47716K, committed 48208K, reserved 1091584K
  class space    used 5593K, capacity 5699K, committed 5724K, reserved 1048576K
Event: 60.647 GC heap after
Heap after GC invocations=13 (full 4):
 par new generation   total 306688K, used 16597K [0x00000000c0000000, 0x00000000d4cc0000, 0x00000000d4cc0000)
  eden space 272640K,   0% used [0x00000000c0000000, 0x00000000c0000000, 0x00000000d0a40000)
  from space 34048K,  48% used [0x00000000d2b80000, 0x00000000d3bb5730, 0x00000000d4cc0000)
  to   space 34048K,   0% used [0x00000000d0a40000, 0x00000000d0a40000, 0x00000000d2b80000)
 concurrent mark-sweep generation total 707840K, used 88734K [0x00000000d4cc0000, 0x0000000100000000, 0x0000000100000000)
 Metaspace       used 47266K, capacity 47716K, committed 48208K, reserved 1091584K
  class space    used 5593K, capacity 5699K, committed 5724K, reserved 1048576K
}
Event: 64.611 GC heap before
{Heap before GC invocations=13 (full 4):
 par new generation   total 306688K, used 289237K [0x00000000c0000000, 0x00000000d4cc0000, 0x00000000d4cc0000)
  eden space 272640K, 100% used [0x00000000c0000000, 0x00000000d0a40000, 0x00000000d0a40000)
  from space 34048K,  48% used [0x00000000d2b80000, 0x00000000d3bb5730, 0x00000000d4cc0000)
  to   space 34048K,   0% used [0x00000000d0a40000, 0x00000000d0a40000, 0x00000000d2b80000)
 concurrent mark-sweep generation total 707840K, used 88734K [0x00000000d4cc0000, 0x0000000100000000, 0x0000000100000000)
 Metaspace       used 47367K, capacity 47882K, committed 48336K, reserved 1091584K
  class space    used 5598K, capacity 5732K, committed 5852K, reserved 1048576K
Event: 64.647 GC heap after
Heap after GC invocations=14 (full 4):
 par new generation   total 306688K, used 23175K [0x00000000c0000000, 0x00000000d4cc0000, 0x00000000d4cc0000)
  eden space 272640K,   0% used [0x00000000c0000000, 0x00000000c0000000, 0x00000000d0a40000)
  from space 34048K,  68% used [0x00000000d0a40000, 0x00000000d20e1c20, 0x00000000d2b80000)
  to   space 34048K,   0% used [0x00000000d2b80000, 0x00000000d2b80000, 0x00000000d4cc0000)
 concurrent mark-sweep generation total 707840K, used 88734K [0x00000000d4cc0000, 0x0000000100000000, 0x0000000100000000)
 Metaspace       used 47367K, capacity 47882K, committed 48336K, reserved 1091584K
  class space    used 5598K, capacity 5732K, committed 5852K, reserved 1048576K
}

