# JRE version: Java(TM) SE Runtime Environment (8.0_144-b01) (build 1.8.0_144-b01)
# Java VM: Java HotSpot(TM) 64-Bit Server VM (25.144-b01 mixed mode windows-amd64 compressed oops)
Heap:
 par new generation   total 306688K, used 244644K [0x00000000c0000000, 0x00000000d4cc0000, 0x00000000d4cc0000)
  eden space 272640K,  84% used [0x00000000c0000000, 0x00000000ce076d30, 0x00000000d0a40000)
  from space 34048K,  43% used [0x00000000d2b80000, 0x00000000d39f2420, 0x00000000d4cc0000)
  to   space 34048K,   0% used [0x00000000d0a40000, 0x00000000d0a40000, 0x00000000d2b80000)
 concurrent mark-sweep generation total 707840K, used 93241K [0x00000000d4cc0000, 0x0000000100000000, 0x0000000100000000)
 Metaspace       used 47344K, capacity 47797K, committed 48408K, reserved 1091584K
  class space    used 5599K, capacity 5699K, committed 5752K, reserved 1048576K
GC Heap History (10 events):
Event: 38.771 GC heap before
{Heap before GC invocations=11 (full 7):
 par new generation   total 306688K, used 293197K [0x00000000c0000000, 0x00000000d4cc0000, 0x00000000d4cc0000)
  eden space 272640K, 100% used [0x00000000c0000000, 0x00000000d0a40000, 0x00000000d0a40000)
  from space 34048K,  60% used [0x00000000d0a40000, 0x00000000d1e53428, 0x00000000d2b80000)
  to   space 34048K,   0% used [0x00000000d2b80000, 0x00000000d2b80000, 0x00000000d4cc0000)
 concurrent mark-sweep generation total 707840K, used 93026K [0x00000000d4cc0000, 0x0000000100000000, 0x0000000100000000)
 Metaspace       used 47024K, capacity 47477K, committed 47896K, reserved 1091584K
  class space    used 5593K, capacity 5699K, committed 5752K, reserved 1048576K
Event: 38.795 GC heap after
Heap after GC invocations=12 (full 7):
 par new generation   total 306688K, used 25334K [0x00000000c0000000, 0x00000000d4cc0000, 0x00000000d4cc0000)
  eden space 272640K,   0% used [0x00000000c0000000, 0x00000000c0000000, 0x00000000d0a40000)
  from space 34048K,  74% used [0x00000000d2b80000, 0x00000000d443d808, 0x00000000d4cc0000)
  to   space 34048K,   0% used [0x00000000d0a40000, 0x00000000d0a40000, 0x00000000d2b80000)
 concurrent mark-sweep generation total 707840K, used 93026K [0x00000000d4cc0000, 0x0000000100000000, 0x0000000100000000)
 Metaspace       used 47024K, capacity 47477K, committed 47896K, reserved 1091584K
  class space    used 5593K, capacity 5699K, committed 5752K, reserved 1048576K
}
Event: 43.167 GC heap before
{Heap before GC invocations=12 (full 7):
 par new generation   total 306688K, used 297974K [0x00000000c0000000, 0x00000000d4cc0000, 0x00000000d4cc0000)
  eden space 272640K, 100% used [0x00000000c0000000, 0x00000000d0a40000, 0x00000000d0a40000)
  from space 34048K,  74% used [0x00000000d2b80000, 0x00000000d443d808, 0x00000000d4cc0000)
  to   space 34048K,   0% used [0x00000000d0a40000, 0x00000000d0a40000, 0x00000000d2b80000)
 concurrent mark-sweep generation total 707840K, used 84389K [0x00000000d4cc0000, 0x0000000100000000, 0x0000000100000000)
 Metaspace       used 47119K, capacity 47541K, committed 48152K, reserved 1091584K
  class space    used 5593K, capacity 5699K, committed 5752K, reserved 1048576K
Event: 43.209 GC heap after
Heap after GC invocations=13 (full 7):
 par new generation   total 306688K, used 22797K [0x00000000c0000000, 0x00000000d4cc0000, 0x00000000d4cc0000)
  eden space 272640K,   0% used [0x00000000c0000000, 0x00000000c0000000, 0x00000000d0a40000)
  from space 34048K,  66% used [0x00000000d0a40000, 0x00000000d2083608, 0x00000000d2b80000)
  to   space 34048K,   0% used [0x00000000d2b80000, 0x00000000d2b80000, 0x00000000d4cc0000)
 concurrent mark-sweep generation total 707840K, used 84389K [0x00000000d4cc0000, 0x0000000100000000, 0x0000000100000000)
 Metaspace       used 47119K, capacity 47541K, committed 48152K, reserved 1091584K
  class space    used 5593K, capacity 5699K, committed 5752K, reserved 1048576K
}
Event: 47.447 GC heap before
{Heap before GC invocations=13 (full 7):
 par new generation   total 306688K, used 295437K [0x00000000c0000000, 0x00000000d4cc0000, 0x00000000d4cc0000)
  eden space 272640K, 100% used [0x00000000c0000000, 0x00000000d0a40000, 0x00000000d0a40000)
  from space 34048K,  66% used [0x00000000d0a40000, 0x00000000d2083608, 0x00000000d2b80000)
  to   space 34048K,   0% used [0x00000000d2b80000, 0x00000000d2b80000, 0x00000000d4cc0000)
 concurrent mark-sweep generation total 707840K, used 84389K [0x00000000d4cc0000, 0x0000000100000000, 0x0000000100000000)
 Metaspace       used 47204K, capacity 47669K, committed 48152K, reserved 1091584K
  class space    used 5593K, capacity 5699K, committed 5752K, reserved 1048576K
Event: 47.489 GC heap after
Heap after GC invocations=14 (full 7):
 par new generation   total 306688K, used 32127K [0x00000000c0000000, 0x00000000d4cc0000, 0x00000000d4cc0000)
  eden space 272640K,   0% used [0x00000000c0000000, 0x00000000c0000000, 0x00000000d0a40000)
  from space 34048K,  94% used [0x00000000d2b80000, 0x00000000d4adfd28, 0x00000000d4cc0000)
  to   space 34048K,   0% used [0x00000000d0a40000, 0x00000000d0a40000, 0x00000000d2b80000)
 concurrent mark-sweep generation total 707840K, used 84389K [0x00000000d4cc0000, 0x0000000100000000, 0x0000000100000000)
 Metaspace       used 47204K, capacity 47669K, committed 48152K, reserved 1091584K
  class space    used 5593K, capacity 5699K, committed 5752K, reserved 1048576K
}
Event: 52.570 GC heap before
{Heap before GC invocations=14 (full 7):
 par new generation   total 306688K, used 304767K [0x00000000c0000000, 0x00000000d4cc0000, 0x00000000d4cc0000)
  eden space 272640K, 100% used [0x00000000c0000000, 0x00000000d0a40000, 0x00000000d0a40000)
  from space 34048K,  94% used [0x00000000d2b80000, 0x00000000d4adfd28, 0x00000000d4cc0000)
  to   space 34048K,   0% used [0x00000000d0a40000, 0x00000000d0a40000, 0x00000000d2b80000)
 concurrent mark-sweep generation total 707840K, used 84389K [0x00000000d4cc0000, 0x0000000100000000, 0x0000000100000000)
 Metaspace       used 47227K, capacity 47669K, committed 48152K, reserved 1091584K
  class space    used 5594K, capacity 5699K, committed 5752K, reserved 1048576K
Event: 52.645 GC heap after
Heap after GC invocations=15 (full 7):
 par new generation   total 306688K, used 21152K [0x00000000c0000000, 0x00000000d4cc0000, 0x00000000d4cc0000)
  eden space 272640K,   0% used [0x00000000c0000000, 0x00000000c0000000, 0x00000000d0a40000)
  from space 34048K,  62% used [0x00000000d0a40000, 0x00000000d1ee82b8, 0x00000000d2b80000)
  to   space 34048K,   0% used [0x00000000d2b80000, 0x00000000d2b80000, 0x00000000d4cc0000)
 concurrent mark-sweep generation total 707840K, used 92940K [0x00000000d4cc0000, 0x0000000100000000, 0x0000000100000000)
 Metaspace       used 47227K, capacity 47669K, committed 48152K, reserved 1091584K
  class space    used 5594K, capacity 5699K, committed 5752K, reserved 1048576K
}
Event: 57.452 GC heap before
{Heap before GC invocations=15 (full 7):
 par new generation   total 306688K, used 293792K [0x00000000c0000000, 0x00000000d4cc0000, 0x00000000d4cc0000)
  eden space 272640K, 100% used [0x00000000c0000000, 0x00000000d0a40000, 0x00000000d0a40000)
  from space 34048K,  62% used [0x00000000d0a40000, 0x00000000d1ee82b8, 0x00000000d2b80000)
  to   space 34048K,   0% used [0x00000000d2b80000, 0x00000000d2b80000, 0x00000000d4cc0000)
 concurrent mark-sweep generation total 707840K, used 92940K [0x00000000d4cc0000, 0x0000000100000000, 0x0000000100000000)
 Metaspace       used 47289K, capacity 47733K, committed 48152K, reserved 1091584K
  class space    used 5594K, capacity 5699K, committed 5752K, reserved 1048576K
Event: 57.500 GC heap after
Heap after GC invocations=16 (full 7):
 par new generation   total 306688K, used 14793K [0x00000000c0000000, 0x00000000d4cc0000, 0x00000000d4cc0000)
  eden space 272640K,   0% used [0x00000000c0000000, 0x00000000c0000000, 0x00000000d0a40000)
  from space 34048K,  43% used [0x00000000d2b80000, 0x00000000d39f2420, 0x00000000d4cc0000)
  to   space 34048K,   0% used [0x00000000d0a40000, 0x00000000d0a40000, 0x00000000d2b80000)
 concurrent mark-sweep generation total 707840K, used 93241K [0x00000000d4cc0000, 0x0000000100000000, 0x0000000100000000)
 Metaspace       used 47289K, capacity 47733K, committed 48152K, reserved 1091584K
  class space    used 5594K, capacity 5699K, committed 5752K, reserved 1048576K
}

